<?xml version="1.0" encoding="UTF-8"?>
<testsuite xmlns:xsi="http://www.w3.org/2001/XMLSchema-instance" xsi:noNamespaceSchemaLocation="https://maven.apache.org/surefire/maven-surefire-plugin/xsd/surefire-test-report.xsd" version="3.0.2" name="bce.ec.demo.DemoApplicationTests" time="6.231" tests="1" errors="0" skipped="0" failures="0">
  <properties>
    <property name="java.specification.version" value="17"/>
    <property name="sun.cpu.isalist" value="amd64"/>
    <property name="sun.jnu.encoding" value="Cp1252"/>
    <property name="java.class.path" value="D:\curso_angular\proyecto_angular\target\test-classes;D:\curso_angular\proyecto_angular\target\classes;D:\servidorAplicaciones\repository_mvn3910\org\springframework\boot\spring-boot-starter-security\3.5.3\spring-boot-starter-security-3.5.3.jar;D:\servidorAplicaciones\repository_mvn3910\org\springframework\boot\spring-boot-starter\3.5.3\spring-boot-starter-3.5.3.jar;D:\servidorAplicaciones\repository_mvn3910\org\springframework\boot\spring-boot\3.5.3\spring-boot-3.5.3.jar;D:\servidorAplicaciones\repository_mvn3910\org\springframework\boot\spring-boot-autoconfigure\3.5.3\spring-boot-autoconfigure-3.5.3.jar;D:\servidorAplicaciones\repository_mvn3910\org\springframework\boot\spring-boot-starter-logging\3.5.3\spring-boot-starter-logging-3.5.3.jar;D:\servidorAplicaciones\repository_mvn3910\ch\qos\logback\logback-classic\1.5.18\logback-classic-1.5.18.jar;D:\servidorAplicaciones\repository_mvn3910\ch\qos\logback\logback-core\1.5.18\logback-core-1.5.18.jar;D:\servidorAplicaciones\repository_mvn3910\org\apache\logging\log4j\log4j-to-slf4j\2.24.3\log4j-to-slf4j-2.24.3.jar;D:\servidorAplicaciones\repository_mvn3910\org\apache\logging\log4j\log4j-api\2.24.3\log4j-api-2.24.3.jar;D:\servidorAplicaciones\repository_mvn3910\org\slf4j\jul-to-slf4j\2.0.17\jul-to-slf4j-2.0.17.jar;D:\servidorAplicaciones\repository_mvn3910\jakarta\annotation\jakarta.annotation-api\2.1.1\jakarta.annotation-api-2.1.1.jar;D:\servidorAplicaciones\repository_mvn3910\org\yaml\snakeyaml\2.4\snakeyaml-2.4.jar;D:\servidorAplicaciones\repository_mvn3910\org\springframework\spring-aop\6.2.8\spring-aop-6.2.8.jar;D:\servidorAplicaciones\repository_mvn3910\org\springframework\spring-beans\6.2.8\spring-beans-6.2.8.jar;D:\servidorAplicaciones\repository_mvn3910\org\springframework\security\spring-security-config\6.5.1\spring-security-config-6.5.1.jar;D:\servidorAplicaciones\repository_mvn3910\org\springframework\security\spring-security-core\6.5.1\spring-security-core-6.5.1.jar;D:\servidorAplicaciones\repository_mvn3910\org\springframework\security\spring-security-crypto\6.5.1\spring-security-crypto-6.5.1.jar;D:\servidorAplicaciones\repository_mvn3910\org\springframework\spring-context\6.2.8\spring-context-6.2.8.jar;D:\servidorAplicaciones\repository_mvn3910\org\springframework\security\spring-security-web\6.5.1\spring-security-web-6.5.1.jar;D:\servidorAplicaciones\repository_mvn3910\org\springframework\spring-expression\6.2.8\spring-expression-6.2.8.jar;D:\servidorAplicaciones\repository_mvn3910\org\springframework\boot\spring-boot-starter-data-jpa\3.5.3\spring-boot-starter-data-jpa-3.5.3.jar;D:\servidorAplicaciones\repository_mvn3910\org\springframework\boot\spring-boot-starter-jdbc\3.5.3\spring-boot-starter-jdbc-3.5.3.jar;D:\servidorAplicaciones\repository_mvn3910\com\zaxxer\HikariCP\6.3.0\HikariCP-6.3.0.jar;D:\servidorAplicaciones\repository_mvn3910\org\springframework\spring-jdbc\6.2.8\spring-jdbc-6.2.8.jar;D:\servidorAplicaciones\repository_mvn3910\org\hibernate\orm\hibernate-core\6.6.18.Final\hibernate-core-6.6.18.Final.jar;D:\servidorAplicaciones\repository_mvn3910\jakarta\persistence\jakarta.persistence-api\3.1.0\jakarta.persistence-api-3.1.0.jar;D:\servidorAplicaciones\repository_mvn3910\jakarta\transaction\jakarta.transaction-api\2.0.1\jakarta.transaction-api-2.0.1.jar;D:\servidorAplicaciones\repository_mvn3910\org\jboss\logging\jboss-logging\3.6.1.Final\jboss-logging-3.6.1.Final.jar;D:\servidorAplicaciones\repository_mvn3910\org\hibernate\common\hibernate-commons-annotations\7.0.3.Final\hibernate-commons-annotations-7.0.3.Final.jar;D:\servidorAplicaciones\repository_mvn3910\io\smallrye\jandex\3.2.0\jandex-3.2.0.jar;D:\servidorAplicaciones\repository_mvn3910\com\fasterxml\classmate\1.7.0\classmate-1.7.0.jar;D:\servidorAplicaciones\repository_mvn3910\net\bytebuddy\byte-buddy\1.17.6\byte-buddy-1.17.6.jar;D:\servidorAplicaciones\repository_mvn3910\org\glassfish\jaxb\jaxb-runtime\4.0.5\jaxb-runtime-4.0.5.jar;D:\servidorAplicaciones\repository_mvn3910\org\glassfish\jaxb\jaxb-core\4.0.5\jaxb-core-4.0.5.jar;D:\servidorAplicaciones\repository_mvn3910\org\eclipse\angus\angus-activation\2.0.2\angus-activation-2.0.2.jar;D:\servidorAplicaciones\repository_mvn3910\org\glassfish\jaxb\txw2\4.0.5\txw2-4.0.5.jar;D:\servidorAplicaciones\repository_mvn3910\com\sun\istack\istack-commons-runtime\4.1.2\istack-commons-runtime-4.1.2.jar;D:\servidorAplicaciones\repository_mvn3910\jakarta\inject\jakarta.inject-api\2.0.1\jakarta.inject-api-2.0.1.jar;D:\servidorAplicaciones\repository_mvn3910\org\antlr\antlr4-runtime\4.13.0\antlr4-runtime-4.13.0.jar;D:\servidorAplicaciones\repository_mvn3910\org\springframework\data\spring-data-jpa\3.5.1\spring-data-jpa-3.5.1.jar;D:\servidorAplicaciones\repository_mvn3910\org\springframework\data\spring-data-commons\3.5.1\spring-data-commons-3.5.1.jar;D:\servidorAplicaciones\repository_mvn3910\org\springframework\spring-orm\6.2.8\spring-orm-6.2.8.jar;D:\servidorAplicaciones\repository_mvn3910\org\springframework\spring-tx\6.2.8\spring-tx-6.2.8.jar;D:\servidorAplicaciones\repository_mvn3910\org\slf4j\slf4j-api\2.0.17\slf4j-api-2.0.17.jar;D:\servidorAplicaciones\repository_mvn3910\org\springframework\spring-aspects\6.2.8\spring-aspects-6.2.8.jar;D:\servidorAplicaciones\repository_mvn3910\org\aspectj\aspectjweaver\1.9.24\aspectjweaver-1.9.24.jar;D:\servidorAplicaciones\repository_mvn3910\org\springframework\boot\spring-boot-starter-web\3.5.3\spring-boot-starter-web-3.5.3.jar;D:\servidorAplicaciones\repository_mvn3910\org\springframework\boot\spring-boot-starter-json\3.5.3\spring-boot-starter-json-3.5.3.jar;D:\servidorAplicaciones\repository_mvn3910\com\fasterxml\jackson\core\jackson-databind\2.19.1\jackson-databind-2.19.1.jar;D:\servidorAplicaciones\repository_mvn3910\com\fasterxml\jackson\core\jackson-annotations\2.19.1\jackson-annotations-2.19.1.jar;D:\servidorAplicaciones\repository_mvn3910\com\fasterxml\jackson\core\jackson-core\2.19.1\jackson-core-2.19.1.jar;D:\servidorAplicaciones\repository_mvn3910\com\fasterxml\jackson\datatype\jackson-datatype-jdk8\2.19.1\jackson-datatype-jdk8-2.19.1.jar;D:\servidorAplicaciones\repository_mvn3910\com\fasterxml\jackson\datatype\jackson-datatype-jsr310\2.19.1\jackson-datatype-jsr310-2.19.1.jar;D:\servidorAplicaciones\repository_mvn3910\com\fasterxml\jackson\module\jackson-module-parameter-names\2.19.1\jackson-module-parameter-names-2.19.1.jar;D:\servidorAplicaciones\repository_mvn3910\org\springframework\boot\spring-boot-starter-tomcat\3.5.3\spring-boot-starter-tomcat-3.5.3.jar;D:\servidorAplicaciones\repository_mvn3910\org\apache\tomcat\embed\tomcat-embed-core\10.1.42\tomcat-embed-core-10.1.42.jar;D:\servidorAplicaciones\repository_mvn3910\org\apache\tomcat\embed\tomcat-embed-el\10.1.42\tomcat-embed-el-10.1.42.jar;D:\servidorAplicaciones\repository_mvn3910\org\apache\tomcat\embed\tomcat-embed-websocket\10.1.42\tomcat-embed-websocket-10.1.42.jar;D:\servidorAplicaciones\repository_mvn3910\org\springframework\spring-web\6.2.8\spring-web-6.2.8.jar;D:\servidorAplicaciones\repository_mvn3910\io\micrometer\micrometer-observation\1.15.1\micrometer-observation-1.15.1.jar;D:\servidorAplicaciones\repository_mvn3910\io\micrometer\micrometer-commons\1.15.1\micrometer-commons-1.15.1.jar;D:\servidorAplicaciones\repository_mvn3910\org\springframework\spring-webmvc\6.2.8\spring-webmvc-6.2.8.jar;D:\servidorAplicaciones\repository_mvn3910\com\h2database\h2\2.3.232\h2-2.3.232.jar;D:\servidorAplicaciones\repository_mvn3910\org\projectlombok\lombok\1.18.38\lombok-1.18.38.jar;D:\servidorAplicaciones\repository_mvn3910\org\springframework\boot\spring-boot-starter-test\3.5.3\spring-boot-starter-test-3.5.3.jar;D:\servidorAplicaciones\repository_mvn3910\org\springframework\boot\spring-boot-test\3.5.3\spring-boot-test-3.5.3.jar;D:\servidorAplicaciones\repository_mvn3910\org\springframework\boot\spring-boot-test-autoconfigure\3.5.3\spring-boot-test-autoconfigure-3.5.3.jar;D:\servidorAplicaciones\repository_mvn3910\com\jayway\jsonpath\json-path\2.9.0\json-path-2.9.0.jar;D:\servidorAplicaciones\repository_mvn3910\jakarta\xml\bind\jakarta.xml.bind-api\4.0.2\jakarta.xml.bind-api-4.0.2.jar;D:\servidorAplicaciones\repository_mvn3910\jakarta\activation\jakarta.activation-api\2.1.3\jakarta.activation-api-2.1.3.jar;D:\servidorAplicaciones\repository_mvn3910\net\minidev\json-smart\2.5.2\json-smart-2.5.2.jar;D:\servidorAplicaciones\repository_mvn3910\net\minidev\accessors-smart\2.5.2\accessors-smart-2.5.2.jar;D:\servidorAplicaciones\repository_mvn3910\org\ow2\asm\asm\9.7.1\asm-9.7.1.jar;D:\servidorAplicaciones\repository_mvn3910\org\assertj\assertj-core\3.27.3\assertj-core-3.27.3.jar;D:\servidorAplicaciones\repository_mvn3910\org\awaitility\awaitility\4.2.2\awaitility-4.2.2.jar;D:\servidorAplicaciones\repository_mvn3910\org\hamcrest\hamcrest\3.0\hamcrest-3.0.jar;D:\servidorAplicaciones\repository_mvn3910\org\junit\jupiter\junit-jupiter\5.12.2\junit-jupiter-5.12.2.jar;D:\servidorAplicaciones\repository_mvn3910\org\junit\jupiter\junit-jupiter-api\5.12.2\junit-jupiter-api-5.12.2.jar;D:\servidorAplicaciones\repository_mvn3910\org\opentest4j\opentest4j\1.3.0\opentest4j-1.3.0.jar;D:\servidorAplicaciones\repository_mvn3910\org\junit\platform\junit-platform-commons\1.12.2\junit-platform-commons-1.12.2.jar;D:\servidorAplicaciones\repository_mvn3910\org\apiguardian\apiguardian-api\1.1.2\apiguardian-api-1.1.2.jar;D:\servidorAplicaciones\repository_mvn3910\org\junit\jupiter\junit-jupiter-params\5.12.2\junit-jupiter-params-5.12.2.jar;D:\servidorAplicaciones\repository_mvn3910\org\junit\jupiter\junit-jupiter-engine\5.12.2\junit-jupiter-engine-5.12.2.jar;D:\servidorAplicaciones\repository_mvn3910\org\junit\platform\junit-platform-engine\1.12.2\junit-platform-engine-1.12.2.jar;D:\servidorAplicaciones\repository_mvn3910\org\mockito\mockito-core\5.17.0\mockito-core-5.17.0.jar;D:\servidorAplicaciones\repository_mvn3910\net\bytebuddy\byte-buddy-agent\1.17.6\byte-buddy-agent-1.17.6.jar;D:\servidorAplicaciones\repository_mvn3910\org\objenesis\objenesis\3.3\objenesis-3.3.jar;D:\servidorAplicaciones\repository_mvn3910\org\mockito\mockito-junit-jupiter\5.17.0\mockito-junit-jupiter-5.17.0.jar;D:\servidorAplicaciones\repository_mvn3910\org\skyscreamer\jsonassert\1.5.3\jsonassert-1.5.3.jar;D:\servidorAplicaciones\repository_mvn3910\com\vaadin\external\google\android-json\0.0.20131108.vaadin1\android-json-0.0.20131108.vaadin1.jar;D:\servidorAplicaciones\repository_mvn3910\org\springframework\spring-core\6.2.8\spring-core-6.2.8.jar;D:\servidorAplicaciones\repository_mvn3910\org\springframework\spring-jcl\6.2.8\spring-jcl-6.2.8.jar;D:\servidorAplicaciones\repository_mvn3910\org\springframework\spring-test\6.2.8\spring-test-6.2.8.jar;D:\servidorAplicaciones\repository_mvn3910\org\xmlunit\xmlunit-core\2.10.2\xmlunit-core-2.10.2.jar;D:\servidorAplicaciones\repository_mvn3910\org\modelmapper\modelmapper\2.4.2\modelmapper-2.4.2.jar;"/>
    <property name="java.vm.vendor" value="Oracle Corporation"/>
    <property name="sun.arch.data.model" value="64"/>
    <property name="user.variant" value=""/>
    <property name="java.vendor.url" value="https://java.oracle.com/"/>
    <property name="user.timezone" value="America/Guayaquil"/>
    <property name="org.jboss.logging.provider" value="slf4j"/>
    <property name="os.name" value="Windows 11"/>
    <property name="java.vm.specification.version" value="17"/>
    <property name="APPLICATION_NAME" value="demo"/>
    <property name="sun.java.launcher" value="SUN_STANDARD"/>
    <property name="user.country" value="MX"/>
    <property name="sun.boot.library.path" value="C:\Program Files\Java\jdk-17\bin"/>
    <property name="sun.java.command" value="C:\Users\d_lan\AppData\Local\Temp\surefire5111501464924326088\surefirebooter-20250716225458236_3.jar C:\Users\d_lan\AppData\Local\Temp\surefire5111501464924326088 2025-07-16T22-54-57_999-jvmRun1 surefire-20250716225458236_1tmp surefire_0-20250716225458236_2tmp"/>
    <property name="jdk.debug" value="release"/>
    <property name="surefire.test.class.path" value="D:\curso_angular\proyecto_angular\target\test-classes;D:\curso_angular\proyecto_angular\target\classes;D:\servidorAplicaciones\repository_mvn3910\org\springframework\boot\spring-boot-starter-security\3.5.3\spring-boot-starter-security-3.5.3.jar;D:\servidorAplicaciones\repository_mvn3910\org\springframework\boot\spring-boot-starter\3.5.3\spring-boot-starter-3.5.3.jar;D:\servidorAplicaciones\repository_mvn3910\org\springframework\boot\spring-boot\3.5.3\spring-boot-3.5.3.jar;D:\servidorAplicaciones\repository_mvn3910\org\springframework\boot\spring-boot-autoconfigure\3.5.3\spring-boot-autoconfigure-3.5.3.jar;D:\servidorAplicaciones\repository_mvn3910\org\springframework\boot\spring-boot-starter-logging\3.5.3\spring-boot-starter-logging-3.5.3.jar;D:\servidorAplicaciones\repository_mvn3910\ch\qos\logback\logback-classic\1.5.18\logback-classic-1.5.18.jar;D:\servidorAplicaciones\repository_mvn3910\ch\qos\logback\logback-core\1.5.18\logback-core-1.5.18.jar;D:\servidorAplicaciones\repository_mvn3910\org\apache\logging\log4j\log4j-to-slf4j\2.24.3\log4j-to-slf4j-2.24.3.jar;D:\servidorAplicaciones\repository_mvn3910\org\apache\logging\log4j\log4j-api\2.24.3\log4j-api-2.24.3.jar;D:\servidorAplicaciones\repository_mvn3910\org\slf4j\jul-to-slf4j\2.0.17\jul-to-slf4j-2.0.17.jar;D:\servidorAplicaciones\repository_mvn3910\jakarta\annotation\jakarta.annotation-api\2.1.1\jakarta.annotation-api-2.1.1.jar;D:\servidorAplicaciones\repository_mvn3910\org\yaml\snakeyaml\2.4\snakeyaml-2.4.jar;D:\servidorAplicaciones\repository_mvn3910\org\springframework\spring-aop\6.2.8\spring-aop-6.2.8.jar;D:\servidorAplicaciones\repository_mvn3910\org\springframework\spring-beans\6.2.8\spring-beans-6.2.8.jar;D:\servidorAplicaciones\repository_mvn3910\org\springframework\security\spring-security-config\6.5.1\spring-security-config-6.5.1.jar;D:\servidorAplicaciones\repository_mvn3910\org\springframework\security\spring-security-core\6.5.1\spring-security-core-6.5.1.jar;D:\servidorAplicaciones\repository_mvn3910\org\springframework\security\spring-security-crypto\6.5.1\spring-security-crypto-6.5.1.jar;D:\servidorAplicaciones\repository_mvn3910\org\springframework\spring-context\6.2.8\spring-context-6.2.8.jar;D:\servidorAplicaciones\repository_mvn3910\org\springframework\security\spring-security-web\6.5.1\spring-security-web-6.5.1.jar;D:\servidorAplicaciones\repository_mvn3910\org\springframework\spring-expression\6.2.8\spring-expression-6.2.8.jar;D:\servidorAplicaciones\repository_mvn3910\org\springframework\boot\spring-boot-starter-data-jpa\3.5.3\spring-boot-starter-data-jpa-3.5.3.jar;D:\servidorAplicaciones\repository_mvn3910\org\springframework\boot\spring-boot-starter-jdbc\3.5.3\spring-boot-starter-jdbc-3.5.3.jar;D:\servidorAplicaciones\repository_mvn3910\com\zaxxer\HikariCP\6.3.0\HikariCP-6.3.0.jar;D:\servidorAplicaciones\repository_mvn3910\org\springframework\spring-jdbc\6.2.8\spring-jdbc-6.2.8.jar;D:\servidorAplicaciones\repository_mvn3910\org\hibernate\orm\hibernate-core\6.6.18.Final\hibernate-core-6.6.18.Final.jar;D:\servidorAplicaciones\repository_mvn3910\jakarta\persistence\jakarta.persistence-api\3.1.0\jakarta.persistence-api-3.1.0.jar;D:\servidorAplicaciones\repository_mvn3910\jakarta\transaction\jakarta.transaction-api\2.0.1\jakarta.transaction-api-2.0.1.jar;D:\servidorAplicaciones\repository_mvn3910\org\jboss\logging\jboss-logging\3.6.1.Final\jboss-logging-3.6.1.Final.jar;D:\servidorAplicaciones\repository_mvn3910\org\hibernate\common\hibernate-commons-annotations\7.0.3.Final\hibernate-commons-annotations-7.0.3.Final.jar;D:\servidorAplicaciones\repository_mvn3910\io\smallrye\jandex\3.2.0\jandex-3.2.0.jar;D:\servidorAplicaciones\repository_mvn3910\com\fasterxml\classmate\1.7.0\classmate-1.7.0.jar;D:\servidorAplicaciones\repository_mvn3910\net\bytebuddy\byte-buddy\1.17.6\byte-buddy-1.17.6.jar;D:\servidorAplicaciones\repository_mvn3910\org\glassfish\jaxb\jaxb-runtime\4.0.5\jaxb-runtime-4.0.5.jar;D:\servidorAplicaciones\repository_mvn3910\org\glassfish\jaxb\jaxb-core\4.0.5\jaxb-core-4.0.5.jar;D:\servidorAplicaciones\repository_mvn3910\org\eclipse\angus\angus-activation\2.0.2\angus-activation-2.0.2.jar;D:\servidorAplicaciones\repository_mvn3910\org\glassfish\jaxb\txw2\4.0.5\txw2-4.0.5.jar;D:\servidorAplicaciones\repository_mvn3910\com\sun\istack\istack-commons-runtime\4.1.2\istack-commons-runtime-4.1.2.jar;D:\servidorAplicaciones\repository_mvn3910\jakarta\inject\jakarta.inject-api\2.0.1\jakarta.inject-api-2.0.1.jar;D:\servidorAplicaciones\repository_mvn3910\org\antlr\antlr4-runtime\4.13.0\antlr4-runtime-4.13.0.jar;D:\servidorAplicaciones\repository_mvn3910\org\springframework\data\spring-data-jpa\3.5.1\spring-data-jpa-3.5.1.jar;D:\servidorAplicaciones\repository_mvn3910\org\springframework\data\spring-data-commons\3.5.1\spring-data-commons-3.5.1.jar;D:\servidorAplicaciones\repository_mvn3910\org\springframework\spring-orm\6.2.8\spring-orm-6.2.8.jar;D:\servidorAplicaciones\repository_mvn3910\org\springframework\spring-tx\6.2.8\spring-tx-6.2.8.jar;D:\servidorAplicaciones\repository_mvn3910\org\slf4j\slf4j-api\2.0.17\slf4j-api-2.0.17.jar;D:\servidorAplicaciones\repository_mvn3910\org\springframework\spring-aspects\6.2.8\spring-aspects-6.2.8.jar;D:\servidorAplicaciones\repository_mvn3910\org\aspectj\aspectjweaver\1.9.24\aspectjweaver-1.9.24.jar;D:\servidorAplicaciones\repository_mvn3910\org\springframework\boot\spring-boot-starter-web\3.5.3\spring-boot-starter-web-3.5.3.jar;D:\servidorAplicaciones\repository_mvn3910\org\springframework\boot\spring-boot-starter-json\3.5.3\spring-boot-starter-json-3.5.3.jar;D:\servidorAplicaciones\repository_mvn3910\com\fasterxml\jackson\core\jackson-databind\2.19.1\jackson-databind-2.19.1.jar;D:\servidorAplicaciones\repository_mvn3910\com\fasterxml\jackson\core\jackson-annotations\2.19.1\jackson-annotations-2.19.1.jar;D:\servidorAplicaciones\repository_mvn3910\com\fasterxml\jackson\core\jackson-core\2.19.1\jackson-core-2.19.1.jar;D:\servidorAplicaciones\repository_mvn3910\com\fasterxml\jackson\datatype\jackson-datatype-jdk8\2.19.1\jackson-datatype-jdk8-2.19.1.jar;D:\servidorAplicaciones\repository_mvn3910\com\fasterxml\jackson\datatype\jackson-datatype-jsr310\2.19.1\jackson-datatype-jsr310-2.19.1.jar;D:\servidorAplicaciones\repository_mvn3910\com\fasterxml\jackson\module\jackson-module-parameter-names\2.19.1\jackson-module-parameter-names-2.19.1.jar;D:\servidorAplicaciones\repository_mvn3910\org\springframework\boot\spring-boot-starter-tomcat\3.5.3\spring-boot-starter-tomcat-3.5.3.jar;D:\servidorAplicaciones\repository_mvn3910\org\apache\tomcat\embed\tomcat-embed-core\10.1.42\tomcat-embed-core-10.1.42.jar;D:\servidorAplicaciones\repository_mvn3910\org\apache\tomcat\embed\tomcat-embed-el\10.1.42\tomcat-embed-el-10.1.42.jar;D:\servidorAplicaciones\repository_mvn3910\org\apache\tomcat\embed\tomcat-embed-websocket\10.1.42\tomcat-embed-websocket-10.1.42.jar;D:\servidorAplicaciones\repository_mvn3910\org\springframework\spring-web\6.2.8\spring-web-6.2.8.jar;D:\servidorAplicaciones\repository_mvn3910\io\micrometer\micrometer-observation\1.15.1\micrometer-observation-1.15.1.jar;D:\servidorAplicaciones\repository_mvn3910\io\micrometer\micrometer-commons\1.15.1\micrometer-commons-1.15.1.jar;D:\servidorAplicaciones\repository_mvn3910\org\springframework\spring-webmvc\6.2.8\spring-webmvc-6.2.8.jar;D:\servidorAplicaciones\repository_mvn3910\com\h2database\h2\2.3.232\h2-2.3.232.jar;D:\servidorAplicaciones\repository_mvn3910\org\projectlombok\lombok\1.18.38\lombok-1.18.38.jar;D:\servidorAplicaciones\repository_mvn3910\org\springframework\boot\spring-boot-starter-test\3.5.3\spring-boot-starter-test-3.5.3.jar;D:\servidorAplicaciones\repository_mvn3910\org\springframework\boot\spring-boot-test\3.5.3\spring-boot-test-3.5.3.jar;D:\servidorAplicaciones\repository_mvn3910\org\springframework\boot\spring-boot-test-autoconfigure\3.5.3\spring-boot-test-autoconfigure-3.5.3.jar;D:\servidorAplicaciones\repository_mvn3910\com\jayway\jsonpath\json-path\2.9.0\json-path-2.9.0.jar;D:\servidorAplicaciones\repository_mvn3910\jakarta\xml\bind\jakarta.xml.bind-api\4.0.2\jakarta.xml.bind-api-4.0.2.jar;D:\servidorAplicaciones\repository_mvn3910\jakarta\activation\jakarta.activation-api\2.1.3\jakarta.activation-api-2.1.3.jar;D:\servidorAplicaciones\repository_mvn3910\net\minidev\json-smart\2.5.2\json-smart-2.5.2.jar;D:\servidorAplicaciones\repository_mvn3910\net\minidev\accessors-smart\2.5.2\accessors-smart-2.5.2.jar;D:\servidorAplicaciones\repository_mvn3910\org\ow2\asm\asm\9.7.1\asm-9.7.1.jar;D:\servidorAplicaciones\repository_mvn3910\org\assertj\assertj-core\3.27.3\assertj-core-3.27.3.jar;D:\servidorAplicaciones\repository_mvn3910\org\awaitility\awaitility\4.2.2\awaitility-4.2.2.jar;D:\servidorAplicaciones\repository_mvn3910\org\hamcrest\hamcrest\3.0\hamcrest-3.0.jar;D:\servidorAplicaciones\repository_mvn3910\org\junit\jupiter\junit-jupiter\5.12.2\junit-jupiter-5.12.2.jar;D:\servidorAplicaciones\repository_mvn3910\org\junit\jupiter\junit-jupiter-api\5.12.2\junit-jupiter-api-5.12.2.jar;D:\servidorAplicaciones\repository_mvn3910\org\opentest4j\opentest4j\1.3.0\opentest4j-1.3.0.jar;D:\servidorAplicaciones\repository_mvn3910\org\junit\platform\junit-platform-commons\1.12.2\junit-platform-commons-1.12.2.jar;D:\servidorAplicaciones\repository_mvn3910\org\apiguardian\apiguardian-api\1.1.2\apiguardian-api-1.1.2.jar;D:\servidorAplicaciones\repository_mvn3910\org\junit\jupiter\junit-jupiter-params\5.12.2\junit-jupiter-params-5.12.2.jar;D:\servidorAplicaciones\repository_mvn3910\org\junit\jupiter\junit-jupiter-engine\5.12.2\junit-jupiter-engine-5.12.2.jar;D:\servidorAplicaciones\repository_mvn3910\org\junit\platform\junit-platform-engine\1.12.2\junit-platform-engine-1.12.2.jar;D:\servidorAplicaciones\repository_mvn3910\org\mockito\mockito-core\5.17.0\mockito-core-5.17.0.jar;D:\servidorAplicaciones\repository_mvn3910\net\bytebuddy\byte-buddy-agent\1.17.6\byte-buddy-agent-1.17.6.jar;D:\servidorAplicaciones\repository_mvn3910\org\objenesis\objenesis\3.3\objenesis-3.3.jar;D:\servidorAplicaciones\repository_mvn3910\org\mockito\mockito-junit-jupiter\5.17.0\mockito-junit-jupiter-5.17.0.jar;D:\servidorAplicaciones\repository_mvn3910\org\skyscreamer\jsonassert\1.5.3\jsonassert-1.5.3.jar;D:\servidorAplicaciones\repository_mvn3910\com\vaadin\external\google\android-json\0.0.20131108.vaadin1\android-json-0.0.20131108.vaadin1.jar;D:\servidorAplicaciones\repository_mvn3910\org\springframework\spring-core\6.2.8\spring-core-6.2.8.jar;D:\servidorAplicaciones\repository_mvn3910\org\springframework\spring-jcl\6.2.8\spring-jcl-6.2.8.jar;D:\servidorAplicaciones\repository_mvn3910\org\springframework\spring-test\6.2.8\spring-test-6.2.8.jar;D:\servidorAplicaciones\repository_mvn3910\org\xmlunit\xmlunit-core\2.10.2\xmlunit-core-2.10.2.jar;D:\servidorAplicaciones\repository_mvn3910\org\modelmapper\modelmapper\2.4.2\modelmapper-2.4.2.jar;"/>
    <property name="sun.cpu.endian" value="little"/>
    <property name="user.home" value="C:\Users\d_lan"/>
    <property name="user.language" value="es"/>
    <property name="java.specification.vendor" value="Oracle Corporation"/>
    <property name="java.version.date" value="2024-07-16"/>
    <property name="java.home" value="C:\Program Files\Java\jdk-17"/>
    <property name="file.separator" value="\"/>
    <property name="basedir" value="D:\curso_angular\proyecto_angular"/>
    <property name="java.vm.compressedOopsMode" value="Zero based"/>
    <property name="line.separator" value="&#10;"/>
    <property name="java.vm.specification.vendor" value="Oracle Corporation"/>
    <property name="java.specification.name" value="Java Platform API Specification"/>
    <property name="FILE_LOG_CHARSET" value="windows-1252"/>
    <property name="java.awt.headless" value="true"/>
    <property name="surefire.real.class.path" value="C:\Users\d_lan\AppData\Local\Temp\surefire5111501464924326088\surefirebooter-20250716225458236_3.jar"/>
    <property name="user.script" value=""/>
    <property name="sun.management.compiler" value="HotSpot 64-Bit Tiered Compilers"/>
    <property name="java.runtime.version" value="17.0.12+8-LTS-286"/>
    <property name="user.name" value="d_lan"/>
    <property name="path.separator" value=";"/>
    <property name="os.version" value="10.0"/>
    <property name="java.runtime.name" value="Java(TM) SE Runtime Environment"/>
    <property name="file.encoding" value="Cp1252"/>
    <property name="java.vm.name" value="Java HotSpot(TM) 64-Bit Server VM"/>
    <property name="localRepository" value="D:\servidorAplicaciones\repository_mvn3910"/>
    <property name="java.vendor.url.bug" value="https://bugreport.java.com/bugreport/"/>
    <property name="java.io.tmpdir" value="C:\Users\d_lan\AppData\Local\Temp\"/>
    <property name="com.zaxxer.hikari.pool_number" value="1"/>
    <property name="java.version" value="17.0.12"/>
    <property name="user.dir" value="D:\curso_angular\proyecto_angular"/>
    <property name="os.arch" value="amd64"/>
    <property name="java.vm.specification.name" value="Java Virtual Machine Specification"/>
    <property name="PID" value="13356"/>
    <property name="sun.os.patch.level" value=""/>
    <property name="CONSOLE_LOG_CHARSET" value="windows-1252"/>
    <property name="native.encoding" value="Cp1252"/>
    <property name="java.library.path" value="C:\Program Files\Java\jdk-17\bin;C:\WINDOWS\Sun\Java\bin;C:\WINDOWS\system32;C:\WINDOWS;C:\Program Files\Common Files\Oracle\Java\javapath;C:\Program Files (x86)\VMware\VMware Workstation\bin\;C:\WINDOWS\system32;C:\WINDOWS;C:\WINDOWS\System32\Wbem;C:\WINDOWS\System32\WindowsPowerShell\v1.0\;C:\WINDOWS\System32\OpenSSH\;C:\Program Files\PuTTY\;C:\Program Files\dotnet\;C:\Program Files\nodejs\;C:\Program Files\Git\cmd;D:\servidorAplicaciones\apache-maven-3.9.10\bin;C:\Program Files\Java\jdk-17;C:\Users\d_lan\AppData\Local\Microsoft\WindowsApps;C:\Users\d_lan\AppData\Roaming\npm;C:\Users\d_lan\AppData\Local\Programs\Microsoft VS Code\bin;."/>
    <property name="java.vm.info" value="mixed mode, sharing"/>
    <property name="java.vendor" value="Oracle Corporation"/>
    <property name="java.vm.version" value="17.0.12+8-LTS-286"/>
    <property name="sun.io.unicode.encoding" value="UnicodeLittle"/>
    <property name="java.class.version" value="61.0"/>
    <property name="LOGGED_APPLICATION_NAME" value="[demo] "/>
  </properties>
  <testcase name="contextLoads" classname="bce.ec.demo.DemoApplicationTests" time="0.44">
    <system-out><![CDATA[22:54:59.347 [main] INFO org.springframework.test.context.support.AnnotationConfigContextLoaderUtils -- Could not detect default configuration classes for test class [bce.ec.demo.DemoApplicationTests]: DemoApplicationTests does not declare any static, non-private, non-final, nested classes annotated with @Configuration.
22:54:59.468 [main] INFO org.springframework.boot.test.context.SpringBootTestContextBootstrapper -- Found @SpringBootConfiguration bce.ec.demo.DemoApplication for test class bce.ec.demo.DemoApplicationTests

  .   ____          _            __ _ _
 /\\ / ___'_ __ _ _(_)_ __  __ _ \ \ \ \
( ( )\___ | '_ | '_| | '_ \/ _` | \ \ \ \
 \\/  ___)| |_)| | | | | || (_| |  ) ) ) )
  '  |____| .__|_| |_|_| |_\__, | / / / /
 =========|_|==============|___/=/_/_/_/

 :: Spring Boot ::                (v3.5.3)

2025-07-16T22:55:00.100-05:00  INFO 13356 --- [demo] [           main] bce.ec.demo.DemoApplicationTests         : Starting DemoApplicationTests using Java 17.0.12 with PID 13356 (started by d_lan in D:\curso_angular\proyecto_angular)
2025-07-16T22:55:00.108-05:00  INFO 13356 --- [demo] [           main] bce.ec.demo.DemoApplicationTests         : No active profile set, falling back to 1 default profile: "default"
2025-07-16T22:55:00.920-05:00  INFO 13356 --- [demo] [           main] .s.d.r.c.RepositoryConfigurationDelegate : Bootstrapping Spring Data JPA repositories in DEFAULT mode.
2025-07-16T22:55:00.983-05:00  INFO 13356 --- [demo] [           main] .s.d.r.c.RepositoryConfigurationDelegate : Finished Spring Data repository scanning in 58 ms. Found 1 JPA repository interface.
2025-07-16T22:55:01.653-05:00  INFO 13356 --- [demo] [           main] com.zaxxer.hikari.HikariDataSource       : HikariPool-1 - Starting...
2025-07-16T22:55:01.862-05:00  INFO 13356 --- [demo] [           main] com.zaxxer.hikari.pool.HikariPool        : HikariPool-1 - Added connection conn0: url=jdbc:h2:mem:9b7a4feb-fc8a-43d2-bc97-86d60565a704 user=SA
2025-07-16T22:55:01.862-05:00  INFO 13356 --- [demo] [           main] com.zaxxer.hikari.HikariDataSource       : HikariPool-1 - Start completed.
2025-07-16T22:55:01.944-05:00  INFO 13356 --- [demo] [           main] o.hibernate.jpa.internal.util.LogHelper  : HHH000204: Processing PersistenceUnitInfo [name: default]
2025-07-16T22:55:02.055-05:00  INFO 13356 --- [demo] [           main] org.hibernate.Version                    : HHH000412: Hibernate ORM core version 6.6.18.Final
2025-07-16T22:55:02.121-05:00  INFO 13356 --- [demo] [           main] o.h.c.internal.RegionFactoryInitiator    : HHH000026: Second-level cache disabled
2025-07-16T22:55:02.584-05:00  INFO 13356 --- [demo] [           main] o.s.o.j.p.SpringPersistenceUnitInfo      : No LoadTimeWeaver setup: ignoring JPA class transformer
2025-07-16T22:55:02.706-05:00  INFO 13356 --- [demo] [           main] org.hibernate.orm.connections.pooling    : HHH10001005: Database info:
	Database JDBC URL [Connecting through datasource 'HikariDataSource (HikariPool-1)']
	Database driver: undefined/unknown
	Database version: 2.3.232
	Autocommit mode: undefined/unknown
	Isolation level: undefined/unknown
	Minimum pool size: undefined/unknown
	Maximum pool size: undefined/unknown
2025-07-16T22:55:03.689-05:00  INFO 13356 --- [demo] [           main] o.h.e.t.j.p.i.JtaPlatformInitiator       : HHH000489: No JTA platform available (set 'hibernate.transaction.jta.platform' to enable JTA platform integration)
2025-07-16T22:55:03.721-05:00  INFO 13356 --- [demo] [           main] j.LocalContainerEntityManagerFactoryBean : Initialized JPA EntityManagerFactory for persistence unit 'default'
2025-07-16T22:55:04.022-05:00  WARN 13356 --- [demo] [           main] JpaBaseConfiguration$JpaWebConfiguration : spring.jpa.open-in-view is enabled by default. Therefore, database queries may be performed during view rendering. Explicitly configure spring.jpa.open-in-view to disable this warning
2025-07-16T22:55:04.067-05:00  WARN 13356 --- [demo] [           main] .s.s.UserDetailsServiceAutoConfiguration : 

Using generated security password: a72e1519-beee-450e-9a9f-b6a4f06fee30

This generated password is for development use only. Your security configuration must be updated before running your application in production.

2025-07-16T22:55:04.083-05:00  INFO 13356 --- [demo] [           main] r$InitializeUserDetailsManagerConfigurer : Global AuthenticationManager configured with UserDetailsService bean with name inMemoryUserDetailsManager
2025-07-16T22:55:04.954-05:00  INFO 13356 --- [demo] [           main] bce.ec.demo.DemoApplicationTests         : Started DemoApplicationTests in 5.245 seconds (process running for 6.418)
]]></system-out>
  </testcase>
</testsuite>